[INFO] Scanning for projects...
[INFO] 
[INFO] -------------< souplesse-pilates.studio:souplesse-pilates >-------------
[INFO] Building  0.0.1-SNAPSHOT
[INFO]   from pom.xml
[INFO] --------------------------------[ jar ]---------------------------------
[INFO] 
[INFO] >>> spring-boot:4.0.5:run (default-cli) > test-compile @ souplesse-pilates >>>
[INFO] 
[INFO] --- resources:3.3.1:resources (default-resources) @ souplesse-pilates ---
[INFO] Copying 2 resources from src/main/resources to target/classes
[INFO] Copying 27 resources from src/main/resources to target/classes
[INFO] 
[INFO] --- compiler:3.14.1:compile (default-compile) @ souplesse-pilates ---
[INFO] Nothing to compile - all classes are up to date.
[INFO] 
[INFO] --- resources:3.3.1:testResources (default-testResources) @ souplesse-pilates ---
[INFO] Copying 1 resource from src/test/resources to target/test-classes
[INFO] 
[INFO] --- compiler:3.14.1:testCompile (default-testCompile) @ souplesse-pilates ---
[INFO] Nothing to compile - all classes are up to date.
[INFO] 
[INFO] <<< spring-boot:4.0.5:run (default-cli) < test-compile @ souplesse-pilates <<<
[INFO] 
[INFO] 
[INFO] --- spring-boot:4.0.5:run (default-cli) @ souplesse-pilates ---
[INFO] Attaching agents: []

  .   ____          _            __ _ _
 /\\ / ___'_ __ _ _(_)_ __  __ _ \ \ \ \
( ( )\___ | '_ | '_| | '_ \/ _` | \ \ \ \
 \\/  ___)| |_)| | | | | || (_| |  ) ) ) )
  '  |____| .__|_| |_|_| |_\__, | / / / /
 =========|_|==============|___/=/_/_/_/

 :: Spring Boot ::                (v4.0.5)

2026-04-20T05:57:25.311+01:00  INFO 68951 --- [souplesse-pilates] [  restartedMain] s.s.s.SouplessePilatesApplication        : Starting SouplessePilatesApplication using Java 21.0.10 with PID 68951 (/home/sami/Documents/GitHub/souplesse-pilate/target/classes started by sami in /home/sami/Documents/GitHub/souplesse-pilate)
2026-04-20T05:57:25.318+01:00  INFO 68951 --- [souplesse-pilates] [  restartedMain] s.s.s.SouplessePilatesApplication        : The following 2 profiles are active: "dev", "seed-running"
2026-04-20T05:57:25.437+01:00  INFO 68951 --- [souplesse-pilates] [  restartedMain] .e.DevToolsPropertyDefaultsPostProcessor : Devtools property defaults active! Set 'spring.devtools.add-properties' to 'false' to disable
2026-04-20T05:57:25.438+01:00  INFO 68951 --- [souplesse-pilates] [  restartedMain] .e.DevToolsPropertyDefaultsPostProcessor : For additional web related logging consider setting the 'logging.level.web' property to 'DEBUG'
2026-04-20T05:57:26.299+01:00  INFO 68951 --- [souplesse-pilates] [  restartedMain] .s.d.r.c.RepositoryConfigurationDelegate : Bootstrapping Spring Data JPA repositories in DEFAULT mode.
2026-04-20T05:57:26.367+01:00  INFO 68951 --- [souplesse-pilates] [  restartedMain] .s.d.r.c.RepositoryConfigurationDelegate : Finished Spring Data repository scanning in 60 ms. Found 7 JPA repository interfaces.
2026-04-20T05:57:27.011+01:00  INFO 68951 --- [souplesse-pilates] [  restartedMain] o.s.boot.tomcat.TomcatWebServer          : Tomcat initialized with port 8080 (http)
2026-04-20T05:57:27.024+01:00  INFO 68951 --- [souplesse-pilates] [  restartedMain] o.apache.catalina.core.StandardService   : Starting service [Tomcat]
2026-04-20T05:57:27.025+01:00  INFO 68951 --- [souplesse-pilates] [  restartedMain] o.apache.catalina.core.StandardEngine    : Starting Servlet engine: [Apache Tomcat/11.0.20]
2026-04-20T05:57:27.058+01:00  INFO 68951 --- [souplesse-pilates] [  restartedMain] b.w.c.s.WebApplicationContextInitializer : Root WebApplicationContext: initialization completed in 1619 ms
2026-04-20T05:57:27.233+01:00  INFO 68951 --- [souplesse-pilates] [  restartedMain] org.hibernate.orm.jpa                    : HHH008540: Processing PersistenceUnitInfo [name: default]
2026-04-20T05:57:27.273+01:00  INFO 68951 --- [souplesse-pilates] [  restartedMain] org.hibernate.orm.core                   : HHH000001: Hibernate ORM core version 7.2.7.Final
2026-04-20T05:57:27.660+01:00  INFO 68951 --- [souplesse-pilates] [  restartedMain] o.s.o.j.p.SpringPersistenceUnitInfo      : No LoadTimeWeaver setup: ignoring JPA class transformer
2026-04-20T05:57:27.685+01:00  INFO 68951 --- [souplesse-pilates] [  restartedMain] com.zaxxer.hikari.HikariDataSource       : HikariPool-1 - Starting...
2026-04-20T05:57:27.824+01:00  INFO 68951 --- [souplesse-pilates] [  restartedMain] com.zaxxer.hikari.pool.HikariPool        : HikariPool-1 - Added connection conn0: url=jdbc:h2:mem:souplesse_pilates user=SA
2026-04-20T05:57:27.826+01:00  INFO 68951 --- [souplesse-pilates] [  restartedMain] com.zaxxer.hikari.HikariDataSource       : HikariPool-1 - Start completed.
2026-04-20T05:57:27.843+01:00  WARN 68951 --- [souplesse-pilates] [  restartedMain] org.hibernate.orm.deprecation            : HHH90000025: H2Dialect does not need to be specified explicitly using 'hibernate.dialect' (remove the property setting and it will be selected by default)
2026-04-20T05:57:27.860+01:00  INFO 68951 --- [souplesse-pilates] [  restartedMain] org.hibernate.orm.connections.pooling    : HHH10001005: Database info:
	Database JDBC URL [jdbc:h2:mem:souplesse_pilates]
	Database driver: H2 JDBC Driver
	Database dialect: H2Dialect
	Database version: 2.4.240
	Default catalog/schema: SOUPLESSE_PILATES/PUBLIC
	Autocommit mode: undefined/unknown
	Isolation level: READ_COMMITTED [default READ_COMMITTED]
	JDBC fetch size: 100
	Pool: DataSourceConnectionProvider
	Minimum pool size: undefined/unknown
	Maximum pool size: undefined/unknown
2026-04-20T05:57:28.779+01:00  INFO 68951 --- [souplesse-pilates] [  restartedMain] org.hibernate.orm.core                   : HHH000489: No JTA platform available (set 'hibernate.transaction.jta.platform' to enable JTA platform integration)
2026-04-20T05:57:28.845+01:00  INFO 68951 --- [souplesse-pilates] [  restartedMain] j.LocalContainerEntityManagerFactoryBean : Initialized JPA EntityManagerFactory for persistence unit 'default'
2026-04-20T05:57:28.942+01:00  INFO 68951 --- [souplesse-pilates] [  restartedMain] o.s.d.j.r.query.QueryEnhancerFactories   : Hibernate is in classpath; If applicable, HQL parser will be used.
2026-04-20T05:57:29.427+01:00  WARN 68951 --- [souplesse-pilates] [  restartedMain] JpaBaseConfiguration$JpaWebConfiguration : spring.jpa.open-in-view is enabled by default. Therefore, database queries may be performed during view rendering. Explicitly configure spring.jpa.open-in-view to disable this warning
2026-04-20T05:57:29.761+01:00  INFO 68951 --- [souplesse-pilates] [  restartedMain] o.s.b.w.a.WelcomePageHandlerMapping      : Adding welcome page: class path resource [static/index.html]
2026-04-20T05:57:30.135+01:00  INFO 68951 --- [souplesse-pilates] [  restartedMain] o.s.boot.tomcat.TomcatWebServer          : Tomcat started on port 8080 (http) with context path '/'
2026-04-20T05:57:30.140+01:00  INFO 68951 --- [souplesse-pilates] [  restartedMain] s.s.s.SouplessePilatesApplication        : Started SouplessePilatesApplication in 5.535 seconds (process running for 5.981)
2026-04-20T05:57:30.143+01:00  INFO 68951 --- [souplesse-pilates] [  restartedMain] s.s.s.config.seed.RunningSeeder          : Starting RUNNING database seed — full clean rebuild...
2026-04-20T05:57:30.143+01:00  INFO 68951 --- [souplesse-pilates] [  restartedMain] s.s.s.config.seed.RunningSeeder          : Wiping existing data...
2026-04-20T05:57:30.678+01:00  INFO 68951 --- [souplesse-pilates] [  restartedMain] s.s.s.config.seed.RunningSeeder          : Creating instructors...
2026-04-20T05:57:30.941+01:00  INFO 68951 --- [souplesse-pilates] [  restartedMain] s.s.s.config.seed.RunningSeeder          : Creating courses for dates starting 2026-04-22
2026-04-20T05:57:30.954+01:00  INFO 68951 --- [souplesse-pilates] [  restartedMain] s.s.s.config.seed.RunningSeeder          : Creating sample client reservations...
2026-04-20T05:57:30.973+01:00  INFO 68951 --- [souplesse-pilates] [  restartedMain] s.s.s.config.seed.RunningSeeder          : Creating testimonials...
2026-04-20T05:57:30.979+01:00  INFO 68951 --- [souplesse-pilates] [  restartedMain] s.s.s.config.seed.RunningSeeder          : Creating gallery items...
2026-04-20T05:57:30.988+01:00  INFO 68951 --- [souplesse-pilates] [  restartedMain] s.s.s.config.seed.RunningSeeder          : Creating studio images...
2026-04-20T05:57:30.991+01:00  INFO 68951 --- [souplesse-pilates] [  restartedMain] s.s.s.config.seed.RunningSeeder          : RUNNING database seed completed successfully.
2026-04-20T05:57:56.650+01:00  INFO 68951 --- [souplesse-pilates] [nio-8080-exec-1] o.a.c.c.C.[Tomcat].[localhost].[/]       : Initializing Spring DispatcherServlet 'dispatcherServlet'
2026-04-20T05:57:56.650+01:00  INFO 68951 --- [souplesse-pilates] [nio-8080-exec-1] o.s.web.servlet.DispatcherServlet        : Initializing Servlet 'dispatcherServlet'
2026-04-20T05:57:56.651+01:00  INFO 68951 --- [souplesse-pilates] [nio-8080-exec-1] o.s.web.servlet.DispatcherServlet        : Completed initialization in 1 ms
2026-04-20T05:58:25.160+01:00  INFO 68951 --- [souplesse-pilates] [ email-thread-2] s.s.s.services.Impl.EmailServiceImpl     : Notification email sent to instructor amira@souplesse.dz
2026-04-20T05:58:25.456+01:00  INFO 68951 --- [souplesse-pilates] [ email-thread-1] s.s.s.services.Impl.EmailServiceImpl     : Confirmation email sent to sami@gmail.com
2026-04-20T06:56:58.206+01:00  INFO 68951 --- [souplesse-pilates] [ionShutdownHook] o.s.boot.tomcat.GracefulShutdown         : Commencing graceful shutdown. Waiting for active requests to complete
2026-04-20T06:56:58.209+01:00  INFO 68951 --- [souplesse-pilates] [tomcat-shutdown] o.s.boot.tomcat.GracefulShutdown         : Graceful shutdown complete
2026-04-20T06:56:58.215+01:00  INFO 68951 --- [souplesse-pilates] [ionShutdownHook] j.LocalContainerEntityManagerFactoryBean : Closing JPA EntityManagerFactory for persistence unit 'default'
2026-04-20T06:56:58.223+01:00  WARN 68951 --- [souplesse-pilates] [ionShutdownHook] o.s.b.f.support.DisposableBeanAdapter    : Invocation of destroy method failed on bean with name 'inMemoryDatabaseShutdownExecutor': org.h2.jdbc.JdbcSQLNonTransientConnectionException: Database is already closed (to disable automatic closing at VM shutdown, add ";DB_CLOSE_ON_EXIT=FALSE" to the db URL) [90121-240]
2026-04-20T06:56:58.223+01:00  INFO 68951 --- [souplesse-pilates] [ionShutdownHook] com.zaxxer.hikari.HikariDataSource       : HikariPool-1 - Shutdown initiated...
2026-04-20T06:56:58.225+01:00  INFO 68951 --- [souplesse-pilates] [ionShutdownHook] com.zaxxer.hikari.HikariDataSource       : HikariPool-1 - Shutdown completed.
